0 info it worked if it ends with ok
1 verbose cli [ 'c:\\Program Files\\nodejs\\node.exe',
1 verbose cli   'c:\\Program Files\\nodejs\\node_modules\\npm\\bin\\npm-cli.js',
1 verbose cli   'pu' ]
2 info using npm@2.14.15
3 info using node@v5.1.1
4 verbose publish [ '.' ]
5 silly cache add args [ '.', null ]
6 verbose cache add spec .
7 silly cache add parsed spec Result {
7 silly cache add   raw: '.',
7 silly cache add   scope: null,
7 silly cache add   name: null,
7 silly cache add   rawSpec: '.',
7 silly cache add   spec: 'd:\\Github\\venderast',
7 silly cache add   type: 'directory' }
8 verbose addLocalDirectory C:\Users\1\AppData\Roaming\npm-cache\venderast\0.0.1\package.tgz not in flight; packing
9 verbose tar pack [ 'C:\\Users\\1\\AppData\\Roaming\\npm-cache\\venderast\\0.0.1\\package.tgz',
9 verbose tar pack   'd:\\Github\\venderast' ]
10 verbose tarball C:\Users\1\AppData\Roaming\npm-cache\venderast\0.0.1\package.tgz
11 verbose folder d:\Github\venderast
12 info prepublish venderast@0.0.1
13 verbose addLocalTarball adding from inside cache C:\Users\1\AppData\Roaming\npm-cache\venderast\0.0.1\package.tgz
14 silly cache afterAdd venderast@0.0.1
15 verbose afterAdd C:\Users\1\AppData\Roaming\npm-cache\venderast\0.0.1\package\package.json not in flight; writing
16 verbose afterAdd C:\Users\1\AppData\Roaming\npm-cache\venderast\0.0.1\package\package.json written
17 silly publish { name: 'venderast',
17 silly publish   version: '0.0.1',
17 silly publish   description: 'Frontend vendor packages bundler',
17 silly publish   main: 'index.js',
17 silly publish   scripts: { test: 'echo "Error: no test specified" && exit 1' },
17 silly publish   keywords: [ 'vendor', 'bundler' ],
17 silly publish   author: { name: '3lvcz' },
17 silly publish   license: 'MIT',
17 silly publish   repository:
17 silly publish    { type: 'git',
17 silly publish      url: 'git+https://github.com/3lvcz/venderast.git' },
17 silly publish   dependencies:
17 silly publish    { 'clean-css': '^3.4.9',
17 silly publish      'fs-extra': '^0.26.5',
17 silly publish      'node-uuid': '^1.4.7',
17 silly publish      'uglify-js': '^2.6.2' },
17 silly publish   gitHead: '960f8185d3a96fc510caef5c021f5da58ac17557',
17 silly publish   bugs: { url: 'https://github.com/3lvcz/venderast/issues' },
17 silly publish   readme: 'ERROR: No README data found!',
17 silly publish   homepage: 'https://github.com/3lvcz/venderast#readme',
17 silly publish   _id: 'venderast@0.0.1',
17 silly publish   _shasum: '4e923b656f94227d26efcaf47ff4fb085613f9b2',
17 silly publish   _from: '.' }
18 verbose getPublishConfig undefined
19 silly mapToRegistry name venderast
20 silly mapToRegistry using default registry
21 silly mapToRegistry registry https://registry.npmjs.org/
22 silly mapToRegistry uri https://registry.npmjs.org/venderast
23 verbose publish registryBase https://registry.npmjs.org/
24 silly publish uploading C:\Users\1\AppData\Roaming\npm-cache\venderast\0.0.1\package.tgz
25 verbose request uri https://registry.npmjs.org/venderast
26 verbose request sending authorization for write operation
27 info attempt registry request try #1 at 00:57:45
28 verbose request using bearer token for auth
29 verbose request id c421c314a7e098b9
30 http request PUT https://registry.npmjs.org/venderast
31 http 403 https://registry.npmjs.org/venderast
32 verbose headers { 'content-type': 'application/json',
32 verbose headers   'cache-control': 'max-age=300',
32 verbose headers   'content-length': '95',
32 verbose headers   'accept-ranges': 'bytes',
32 verbose headers   date: 'Sat, 27 Feb 2016 21:56:46 GMT',
32 verbose headers   via: '1.1 varnish',
32 verbose headers   connection: 'keep-alive',
32 verbose headers   'x-served-by': 'cache-fra1247-FRA',
32 verbose headers   'x-cache': 'MISS',
32 verbose headers   'x-cache-hits': '0',
32 verbose headers   'x-timer': 'S1456610205.740124,VS0,VE958' }
33 verbose request invalidating C:\Users\1\AppData\Roaming\npm-cache\registry.npmjs.org\venderast on PUT
34 error publish Failed PUT 403
35 verbose stack Error: "You cannot publish over the previously published version 0.0.1." : venderast
35 verbose stack     at makeError (c:\Program Files\nodejs\node_modules\npm\node_modules\npm-registry-client\lib\request.js:264:12)
35 verbose stack     at CachingRegistryClient.<anonymous> (c:\Program Files\nodejs\node_modules\npm\node_modules\npm-registry-client\lib\request.js:252:14)
35 verbose stack     at Request._callback (c:\Program Files\nodejs\node_modules\npm\node_modules\npm-registry-client\lib\request.js:172:14)
35 verbose stack     at Request.self.callback (c:\Program Files\nodejs\node_modules\npm\node_modules\request\request.js:198:22)
35 verbose stack     at emitTwo (events.js:87:13)
35 verbose stack     at Request.emit (events.js:172:7)
35 verbose stack     at Request.<anonymous> (c:\Program Files\nodejs\node_modules\npm\node_modules\request\request.js:1035:10)
35 verbose stack     at emitOne (events.js:82:20)
35 verbose stack     at Request.emit (events.js:169:7)
35 verbose stack     at IncomingMessage.<anonymous> (c:\Program Files\nodejs\node_modules\npm\node_modules\request\request.js:962:12)
36 verbose statusCode 403
37 verbose pkgid venderast
38 verbose cwd d:\Github\venderast
39 error Windows_NT 10.0.10586
40 error argv "c:\\Program Files\\nodejs\\node.exe" "c:\\Program Files\\nodejs\\node_modules\\npm\\bin\\npm-cli.js" "pu"
41 error node v5.1.1
42 error npm  v2.14.15
43 error code E403
44 error "You cannot publish over the previously published version 0.0.1." : venderast
45 error If you need help, you may report this error at:
45 error     <https://github.com/npm/npm/issues>
46 verbose exit [ 1, true ]
